Sat Sep 02 2023 22:3:46 } [PH] error: 🐱‍🏍 globalErrorHandler ~~ 
Invalid `prisma.book.findMany()` invocation:

{
  where: {
    AND: [
      {
        OR: [
          {
            title: {
              contains: "a",
              mode: "insensitive"
            }
          },
          {
            author: {
              contains: "a",
              mode: "insensitive"
            }
          },
          {
            price: {
              contains: "a",
              mode: "insensitive"
            }
          },
          {
            genre: {
              contains: "a",
              mode: "insensitive"
            }
          },
          {
            publicationDate: {
              contains: "a",
              mode: "insensitive"
            }
          },
          {
            categoryId: {
              contains: "a",
              mode: "insensitive"
            }
          }
        ]
      }
    ]
  },
  skip: 0,
  take: 10,
  orderBy: {
    publicationDate: "desc"
  }
}

Unknown argument `contains`. Available options are listed in green.
